2026-06-07 02:24:08 | INFO | Starting healthy spiders 💪🕷️...
2026-06-07 02:24:08 | INFO | Starting crawler...
2026-06-07 02:24:08 | INFO | Database initialized.
2026-06-07 02:24:08 | INFO | Crawling 14 pending pagination URLs...
2026-06-07 02:24:09 | INFO | Fetching URL: https://hellosehat.com/kehamilan/melahirkan/?page=1
2026-06-07 02:24:09 | INFO | Fetching URL: https://www.alodokter.com/komunitas/diskusi/penyakit/page/2
2026-06-07 02:24:09 | INFO | Fetching URL: https://hellosehat.com/kehamilan/kesuburan/?page=1
2026-06-07 02:24:10 | INFO | Fetching URL: https://www.biofarma.co.id/id/artikel-kesehatan/page/1
2026-06-07 02:24:10 | INFO | Fetching URL: https://www.biofarma.co.id/id/artikel-kesehatan/page/2
2026-06-07 02:24:11 | INFO | Fetching URL: https://www.alodokter.com/page/1
2026-06-07 02:24:11 | INFO | Fetching URL: https://www.pom.go.id/penjelasan-publik?page=1
2026-06-07 02:24:12 | INFO | Fetching URL: https://www.alodokter.com/komunitas/diskusi/penyakit/page/1
2026-06-07 02:24:12 | INFO | Fetching URL: https://customers.api.halodoc.com/magneto-api/cms/categories?per_page=100&search_text=a
2026-06-07 02:24:13 | INFO | Fetching URL: https://www.pom.go.id/siaran-pers?page=1
2026-06-07 02:24:13 | INFO | Fetching URL: https://customers.api.halodoc.com/magneto-api/cms/categories?per_page=100&search_text=b
2026-06-07 02:24:13 | INFO | Fetching URL: https://hellosehat.com/parenting/?page=1
2026-06-07 02:24:14 | INFO | Fetching URL: https://www.alodokter.com/page/2
2026-06-07 02:24:15 | INFO | Fetching URL: https://hellosehat.com/herbal-alternatif/?page=1
2026-06-07 02:24:15 | INFO | All pagination URLs have been crawled. Crawling has been completed.
2026-06-07 02:24:20 | INFO | Starting scraper...
2026-06-07 02:24:21 | INFO | Fetching URL: https://hellosehat.com/obat-suplemen/
2026-06-07 02:24:21 | INFO | Scraping 100 pending URLs...
2026-06-07 02:25:00 | INFO | Fetching URL: https://www.pom.go.id/penjelasan-publik/pemberitaan-perjanjian-perdagangan-resiprokal-indonesia-amerika-serikat-terkait-produk-farmasi
2026-06-07 02:25:00 | INFO | Fetching URL: https://hellosehat.com/herbal-alternatif/alternatif/terapi-tens-adalah/
2026-06-07 02:25:00 | INFO | Fetching URL: https://www.alodokter.com/tepung-maizena-terbaik-yang-cocok-untuk-aneka-masakan
2026-06-07 02:25:00 | INFO | Fetching URL: https://hellosehat.com/herbal-alternatif/herbal/manfaat-minyak-telon/
2026-06-07 02:25:00 | INFO | Fetching URL: https://hellosehat.com/parenting/bayi/perawatan-bayi/penyebab-bayi-menangis/
2026-06-07 02:25:03 | INFO | Fetching URL: https://hellosehat.com/kehamilan/melahirkan/kontraksi/
2026-06-07 02:25:05 | INFO | Fetching URL: https://www.pom.go.id/penjelasan-publik/klarifikasi-pemberitaan-pegawai-bpom-menerima-suap
2026-06-07 02:25:05 | INFO | Fetching URL: https://hellosehat.com/parenting/bayi/perawatan-bayi/minyak-telon-bayi-terbaik/
2026-06-07 02:25:05 | INFO | Fetching URL: https://www.alodokter.com/komunitas/topic/bagaimana-mengatur-jadwal-makan-untuk-bayi-usia-8-bulan-
2026-06-07 02:25:07 | INFO | Fetching URL: https://www.pom.go.id/siaran-pers/prof-taruna-ikrar-memperoleh-pengakuan-akademik-internasional-sebagai-professor-di-bidang-pharmacology-of-advanced-cell-and-gene-therapy-dari-universiti-teknologi-malaysia-utm
2026-06-07 02:25:07 | INFO | Fetching URL: https://www.alodokter.com/5-minuman-bikin-ngantuk-yang-aman-dikonsumsi-sebelum-tidur
2026-06-07 02:25:08 | INFO | Fetching URL: https://www.biofarma.co.id/id/announcement/detail/5-cara-merawat-ginjal-agar-sehat-cegah-penyakit-ginjal
2026-06-07 02:25:09 | INFO | Fetching URL: https://www.pom.go.id/penjelasan-publik/peredaran-hong-thai-brand-herb-inhaler-formula-2-tanpa-izin-edar-pada-e-commerce-dan-media-sosial
2026-06-07 02:25:10 | INFO | Fetching URL: https://www.alodokter.com/komunitas/topic/apakah-gula-dalam-urine-saat-hamil-menandakan-diabetes-gestasional-
2026-06-07 02:25:10 | INFO | Fetching URL: https://www.alodokter.com/tepung-tapioka-terbaik-untuk-berbagai-kreasi-masakan
2026-06-07 02:25:12 | INFO | Fetching URL: https://www.alodokter.com/5-efek-samping-minum-rebusan-daun-seledri-yang-perlu-diketahui
2026-06-07 02:25:12 | INFO | Fetching URL: https://hellosehat.com/herbal-alternatif/herbal/manfaat-teh-rosella/
2026-06-07 02:25:14 | INFO | Fetching URL: https://hellosehat.com/kehamilan/melahirkan/persalinan/bayi-kembar-lahir-beda-hari/
2026-06-07 02:25:14 | INFO | Fetching URL: https://www.alodokter.com/komunitas/topic/apakah-sakit-kepala-mendadak-bisa-menjadi-tanda-kondisi-serius-
2026-06-07 02:25:14 | INFO | Fetching URL: https://www.biofarma.co.id/id/announcement/detail/virus-nipah-kenali-gejala-penularan-dan-cara-mencega
2026-06-07 02:25:15 | INFO | Fetching URL: https://hellosehat.com/obat-suplemen/carbimazole/
2026-06-07 02:25:16 | INFO | Fetching URL: https://hellosehat.com/herbal-alternatif/herbal/bahaya-tanaman-patah-tulang/
2026-06-07 02:25:16 | INFO | Fetching URL: https://www.alodokter.com/komunitas/topic/bagaimana-cara-atasi-ketiak-perih-karena-gigitan-serangga-
2026-06-07 02:25:18 | INFO | Fetching URL: https://hellosehat.com/kehamilan/melahirkan/persalinan/vernix-caseosa/
2026-06-07 02:25:18 | INFO | Fetching URL: https://www.alodokter.com/komunitas/topic/benarkah-mengunyah-hanya-di-satu-sisi-gigi-dapat-menyebabkan-sakit
2026-06-07 02:25:19 | INFO | Fetching URL: https://www.alodokter.com/komunitas/topic/apakah-behel-bisa-dipasang-sebelum-semua-gigi-susu-tanggal-
2026-06-07 02:25:20 | INFO | Fetching URL: https://hellosehat.com/parenting/bayi/perawatan-bayi/sleep-regression/
2026-06-07 02:25:20 | INFO | Fetching URL: https://www.alodokter.com/komunitas/topic/kenapa-anak-sulit-fokus-di-kelas-dan-mudah-teralihkan-
2026-06-07 02:25:22 | INFO | Fetching URL: https://hellosehat.com/parenting/kesehatan-anak/penyakit-pada-anak/gigantisme/
2026-06-07 02:25:23 | INFO | Fetching URL: https://hellosehat.com/herbal-alternatif/herbal/manfaat-minyak-jojoba/
2026-06-07 02:25:23 | INFO | Fetching URL: https://hellosehat.com/herbal-alternatif/herbal/daun-murbei/
2026-06-07 02:25:25 | INFO | Fetching URL: https://www.alodokter.com/komunitas/topic/apakah-bius-ila-menyebabkan-nyeri-punggung-jangka-panjang-
2026-06-07 02:25:25 | INFO | Fetching URL: https://hellosehat.com/kehamilan/kesuburan/masalah-kesuburan/jenis-infertilitas/
2026-06-07 02:25:25 | INFO | Fetching URL: https://www.biofarma.co.id/id/announcement/detail/apa-itu-olahraga-padel-simak-manfaatnya-bagi-kesehatan
2026-06-07 02:25:27 | INFO | Fetching URL: https://www.alodokter.com/batuk-berdahak-darah-inilah-penyebab-dan-langkah-penanganannya
2026-06-07 02:25:28 | INFO | Fetching URL: https://www.alodokter.com/operasi-kalazion-ini-yang-harus-anda-ketahui
2026-06-07 02:25:28 | INFO | Fetching URL: https://hellosehat.com/parenting/bayi/menyusui/obat-yang-aman-untuk-ibu-menyusui/
2026-06-07 02:25:30 | INFO | Fetching URL: https://www.biofarma.co.id/id/announcement/detail/jangan-sepelekan-10-penyebab-campak-yang-sering-terabaikan
2026-06-07 02:25:30 | INFO | Fetching URL: https://hellosehat.com/kehamilan/kesuburan/bayi-tabung-ivf/
2026-06-07 02:25:30 | INFO | Fetching URL: https://hellosehat.com/herbal-alternatif/herbal/efek-kecubung/
2026-06-07 02:25:33 | INFO | Fetching URL: https://www.alodokter.com/kecap-ikan-terbaik-untuk-cita-rasa-yang-dicintai-keluarga
2026-06-07 02:25:34 | INFO | Fetching URL: https://hellosehat.com/sehat/berita/mengapa-pup-anak-perlu-dipantau/
2026-06-07 02:25:34 | INFO | Fetching URL: https://www.pom.go.id/penjelasan-publik/pemberitaan-temuan-mi-instan-mengandung-etilen-oksida-di-taiwan
2026-06-07 02:25:35 | INFO | Fetching URL: https://www.alodokter.com/autoimun-kulit-kenali-gejala-penyebab-dan-pengobatannya
2026-06-07 02:25:35 | INFO | Fetching URL: https://www.alodokter.com/komunitas/topic/perlukah-ttgo-diulang-saat-trimester-3-kehamilan-
2026-06-07 02:25:36 | INFO | Fetching URL: https://www.biofarma.co.id/id/announcement/detail/istirahat-mata-dengan-tips-202020
2026-06-07 02:25:37 | INFO | Fetching URL: https://hellosehat.com/herbal-alternatif/herbal/daun-tapak-liman/
2026-06-07 02:25:38 | INFO | Scraping 100 pending URLs...
2026-06-07 02:26:21 | INFO | Fetching URL: https://www.alodokter.com/komunitas/topic/apa-yang-harus-dilakukan-jika-bayi-terlilit-tali-pusat-saat
2026-06-07 02:26:21 | INFO | Fetching URL: https://www.alodokter.com/komunitas/topic/posisi-tidur-seperti-apa-yang-paling-aman-bagi-ibu-hamil
2026-06-07 02:26:21 | INFO | Fetching URL: https://www.biofarma.co.id/id/announcement/detail/apa-itu-febris-gea-ini-gejala-penyebab-dan-cara-pengobatannya
2026-06-07 02:26:21 | INFO | Fetching URL: https://www.alodokter.com/jeroan-sapi-inilah-manfaat-dan-risikonya-bagi-kesehatan
2026-06-07 02:26:21 | INFO | Fetching URL: https://hellosehat.com/kehamilan/melahirkan/persalinan/apa-itu-kuret-saat-hamil/
2026-06-07 02:26:24 | INFO | Fetching URL: https://hellosehat.com/herbal-alternatif/herbal/manfaat-temulawak/
2026-06-07 02:26:26 | INFO | Fetching URL: https://www.alodokter.com/saos-tomat-terbaik-yang-asyik-sebagai-teman-makan
2026-06-07 02:26:27 | INFO | Fetching URL: https://hellosehat.com/kehamilan/kesuburan/kesuburan-lainnya/menghitung-masa-subur-setelah-haid/
2026-06-07 02:26:27 | INFO | Fetching URL: https://www.biofarma.co.id/id/announcement/detail/pubalgia-penyebab-gejala-dan-cara-mencegahnya
2026-06-07 02:26:27 | INFO | Fetching URL: https://www.alodokter.com/komunitas/topic/apa-alasan-medis-dilarangnya-penggunaan-baby-walker-
2026-06-07 02:26:28 | INFO | Fetching URL: https://www.pom.go.id/siaran-pers/bpom-gelar-aksi-nasional-pencegahan-penyalahgunaan-obat-obat-tertentu-untuk-selamatkan-generasi-bangsa
2026-06-07 02:26:29 | INFO | Fetching URL: https://hellosehat.com/kehamilan/melahirkan/persalinan/bahaya-obat-aborsi-tanpa-resep-dokter/
2026-06-07 02:26:30 | INFO | Fetching URL: https://hellosehat.com/herbal-alternatif/herbal/manfaat-kulit-pisang/
2026-06-07 02:26:32 | INFO | Fetching URL: https://hellosehat.com/kehamilan/kesuburan/program-hamil/ciri-keputihan-masa-subur/
2026-06-07 02:26:33 | INFO | Fetching URL: https://www.biofarma.co.id/id/announcement/detail/campak-penyebab-gejala-dan-pencegahannya
2026-06-07 02:26:33 | INFO | Fetching URL: https://www.biofarma.co.id/id/announcement/detail/7-tips-untuk-menjaga-kesehatan-mata
2026-06-07 02:26:34 | INFO | Fetching URL: https://www.alodokter.com/tahu-untuk-asam-lambung-ketahui-fakta-keamanannya
2026-06-07 02:26:34 | INFO | Fetching URL: https://www.alodokter.com/diet-if-pola-makan-khusus-untuk-hidup-lebih-sehat
2026-06-07 02:26:34 | INFO | Fetching URL: https://www.alodokter.com/lip-gloss-terbaik-untuk-bibir-sehat-dan-berkilau
2026-06-07 02:26:37 | INFO | Fetching URL: https://hellosehat.com/kehamilan/kesuburan/vitamin-penyubur-sperma/
2026-06-07 02:26:37 | INFO | Fetching URL: https://hellosehat.com/kehamilan/melahirkan/komplikasi-persalinan/distosia-bahu/
2026-06-07 02:26:39 | INFO | Fetching URL: https://www.alodokter.com/komunitas/topic/apa-yang-perlu-diketahui-sebelum-menjalani-bius-ila-saat-melahirkan-
2026-06-07 02:26:39 | INFO | Fetching URL: https://www.alodokter.com/komunitas/topic/latihan-apa-yang-dapat-membantu-memperbaiki-punggung-bungkuk-di-usia
2026-06-07 02:26:39 | INFO | Fetching URL: https://hellosehat.com/parenting/bayi/bayi-1-tahun-pertama/bayi-susah-tidur/
2026-06-07 02:26:40 | INFO | Fetching URL: https://hellosehat.com/kehamilan/kesuburan/masalah-kesuburan/tes-kesuburan-pria/
2026-06-07 02:26:42 | INFO | Fetching URL: https://hellosehat.com/kehamilan/kesuburan/kesuburan-lainnya/hamil-dengan-satu-indung-telur/
2026-06-07 02:26:42 | INFO | Fetching URL: https://hellosehat.com/herbal-alternatif/herbal/beta-karoten/
2026-06-07 02:26:43 | INFO | Fetching URL: https://www.biofarma.co.id/id/announcement/detail/8-manfaat-daun-kumis-kucing-yang-perlu-diketahui
2026-06-07 02:26:43 | INFO | Fetching URL: https://hellosehat.com/parenting/manfaat-dongeng-sebelum-tidur/
2026-06-07 02:26:44 | INFO | Fetching URL: https://hellosehat.com/parenting/anak-6-sampai-9-tahun/perkembangan-anak/manfaat-anak-main-gadget/
2026-06-07 02:26:44 | INFO | Fetching URL: https://www.pom.go.id/siaran-pers/regulasi-baru-bpom-atur-pengelolaan-obat-dan-bahan-obat-di-fasilitas-pelayanan-kefarmasian-dan-fasilitas-lain
2026-06-07 02:26:45 | INFO | Fetching URL: https://www.alodokter.com/komunitas/topic/apakah-alat-penyangga-bisa-memperbaiki-postur-bungkuk-
2026-06-07 02:26:48 | INFO | Fetching URL: https://www.alodokter.com/komunitas/topic/apakah-pemeriksaan-gula-darah-biasa-cukup-untuk-mendeteksi-diabetes-gestasional-
2026-06-07 02:26:48 | INFO | Fetching URL: https://hellosehat.com/kehamilan/melahirkan/persiapan/mengatasi-cemas-sebelum-melahirkan-caesar/
2026-06-07 02:26:48 | INFO | Fetching URL: https://www.biofarma.co.id/id/announcement/detail/hpv-pengertian-gejala-risiko-dan-upaya-pencegahan
2026-06-07 02:26:49 | INFO | Fetching URL: https://hellosehat.com/herbal-alternatif/herbal/tonka-bean/
2026-06-07 02:26:50 | INFO | Fetching URL: https://www.biofarma.co.id/id/announcement/detail/campak-penyebab-gejala-pengobatan-dan-cara-mencegahnya
2026-06-07 02:26:50 | INFO | Fetching URL: https://www.alodokter.com/komunitas/topic/apakah-hasil-hba1c-6-7--masih-normal-
2026-06-07 02:26:53 | INFO | Fetching URL: https://hellosehat.com/kehamilan/kesuburan/program-hamil/rekomendasi-merek-test-pack-hamil/
2026-06-07 02:26:53 | INFO | Fetching URL: https://www.biofarma.co.id/id/announcement/detail/bukan-minyak-biasa-ini-5-manfaat-virgin-coconut-oil-yang-jarang-diketahui
2026-06-07 02:26:53 | INFO | Fetching URL: https://www.alodokter.com/manfaat-cetirizine-dan-hal-yang-perlu-diperhatikan-sebelum-mengonsumsinya
2026-06-07 02:26:55 | INFO | Scraping 100 pending URLs...
2026-06-07 02:27:34 | INFO | Fetching URL: https://hellosehat.com/kehamilan/kesuburan/program-hamil/cara-punya-anak-kembar-tanpa-ada-keturunan/
2026-06-07 02:27:34 | INFO | Fetching URL: https://www.alodokter.com/komunitas/topic/apa-penyebab-hidung-terasa-perih-setelah-dibersihkan--meski-tidak-berdarah-
2026-06-07 02:27:34 | INFO | Fetching URL: https://hellosehat.com/kehamilan/kesuburan/kesuburan-lainnya/coenzyme-q10-untuk-promil/
2026-06-07 02:27:34 | INFO | Fetching URL: https://www.biofarma.co.id/id/announcement/detail/jangan-abaikan-hpv-ini-cara-efektif-mencegah-kanker-serviks
2026-06-07 02:27:34 | INFO | Fetching URL: https://hellosehat.com/parenting/kesehatan-anak/gejala-anak/ragam-herbal-untuk-daya-tahan-tubuh-anak-dan-keluarga-saat-cuaca-ekstrem/
2026-06-07 02:27:38 | INFO | Fetching URL: https://www.biofarma.co.id/id/announcement/detail/gerd-anxiety-gangguan-pencernaan-yang-dipicu-oleh-kecemasan
2026-06-07 02:27:38 | INFO | Fetching URL: https://www.biofarma.co.id/id/announcement/detail/waspada-hantavirus-kenali-gejala-cara-penularan-dan-langkah-pencegahannya
2026-06-07 02:27:40 | INFO | Fetching URL: https://hellosehat.com/kehamilan/kesuburan/masalah-kesuburan/aspermia/
2026-06-07 02:27:41 | INFO | Fetching URL: https://www.alodokter.com/rumah-sakit-terbaik-untuk-usg-testis
2026-06-07 02:27:41 | INFO | Fetching URL: https://www.biofarma.co.id/id/announcement/detail/8-manfaat-buah-kersen-yang-jarang-diketahui-untuk-kesehatan-tubuh
2026-06-07 02:27:42 | INFO | Fetching URL: https://hellosehat.com/parenting/bayi/menyusui/apakah-ibu-yang-menyusui-bisa-hamil/
2026-06-07 02:27:42 | INFO | Fetching URL: https://www.pom.go.id/siaran-pers/bpom-temukan-22-obat-bahan-alam-mengandung-bahan-kimia-obat-periode-maret-2026
2026-06-07 02:27:42 | INFO | Fetching URL: https://www.alodokter.com/komunitas/topic/apakah-tbc-bisa-sembuh-total-
2026-06-07 02:27:43 | INFO | Fetching URL: https://www.alodokter.com/komunitas/topic/apa-manfaat-dan-risiko-membedong-bayi-
2026-06-07 02:27:45 | INFO | Fetching URL: https://www.alodokter.com/komunitas/topic/kapan-anak-boleh-pasang-behel-gigi-
2026-06-07 02:27:45 | INFO | Fetching URL: https://www.alodokter.com/klinik-gigi-terbaik-di-yogyakarta
2026-06-07 02:27:45 | INFO | Fetching URL: https://www.alodokter.com/komunitas/topic/apakah-imunisasi-bcg-efektif-untuk-mencegah-tbc-
2026-06-07 02:27:48 | INFO | Fetching URL: https://www.alodokter.com/moms-udah-tau-memilih-susu-formula-bayi-yang-tidak-bikin-sembelit-cek-cara-pengolahan-dan-komposisinya
2026-06-07 02:27:48 | INFO | Fetching URL: https://www.biofarma.co.id/id/announcement/detail/tips-dan-nutrisi-penting-untuk-tulang-kuat-dan-sehat
2026-06-07 02:27:49 | INFO | Fetching URL: https://hellosehat.com/herbal-alternatif/herbal/teh-yerba-mate/
2026-06-07 02:27:50 | INFO | Fetching URL: https://hellosehat.com/parenting/remaja/kesehatan-mental-remaja/dampak-memukul-pantat-anak/
2026-06-07 02:27:50 | INFO | Fetching URL: https://hellosehat.com/kehamilan/kesuburan/kesuburan-lainnya/ciri-pria-subur-secara-fisik/
2026-06-07 02:27:51 | INFO | Fetching URL: https://www.alodokter.com/teh-celup-terbaik-dengan-rasa-nikmat-dan-aroma-menenangkan
2026-06-07 02:27:51 | INFO | Fetching URL: https://www.biofarma.co.id/id/announcement/detail/manfaat-ajaib-kayu-secang-si-merah-alami-yang-menyehatkan-tubuh
2026-06-07 02:27:53 | INFO | Fetching URL: https://www.pom.go.id/penjelasan-publik/sirop-obat-di-india-mengandung-dietilen-glikol-melebihi-batas-aman
2026-06-07 02:27:54 | INFO | Fetching URL: https://www.alodokter.com/komunitas/topic/apa-langkah-aman-mengatasi-anemia-ringan-pada-ibu-hamil-
2026-06-07 02:27:54 | INFO | Fetching URL: https://hellosehat.com/herbal-alternatif/herbal/manfaat-bunga-tulip/
2026-06-07 02:27:54 | INFO | Fetching URL: https://hellosehat.com/kehamilan/melahirkan/persalinan/mata-minus-tidak-boleh-melahirkan-normal/
2026-06-07 02:27:56 | INFO | Fetching URL: https://hellosehat.com/kehamilan/kesuburan/cepat-punya-anak-kurangi-fast-food/
2026-06-07 02:27:58 | INFO | Fetching URL: https://www.pom.go.id/siaran-pers/bpom-respons-kekosongan-regulasi-pengawasan-obat-bebas-dan-obat-bebas-terbatas-di-hypermarket-supermarket-dan-minimarket
2026-06-07 02:27:58 | INFO | Fetching URL: https://hellosehat.com/kehamilan/melahirkan/mengencangkan-kulit-kendur-setelah-melahirkan/
2026-06-07 02:27:59 | INFO | Fetching URL: https://www.pom.go.id/penjelasan-publik/penarikan-produk-formula-bayi-impor
2026-06-07 02:27:59 | INFO | Fetching URL: https://www.pom.go.id/siaran-pers/bpom-tingkatkan-efektivitas-pengawasan-di-daerah-melalui-regulasi-baru
2026-06-07 02:28:00 | INFO | Fetching URL: https://www.alodokter.com/hyper-independence-memahami-risiko-di-balik-sikap-terlalu-mandiri
2026-06-07 02:28:00 | INFO | Fetching URL: https://www.pom.go.id/penjelasan-publik/penipuan-permintaan-pembayaran-pnbp-pada-layanan-ip-cppob-melalui-whatsapp
2026-06-07 02:28:03 | INFO | Fetching URL: https://www.alodokter.com/komunitas/topic/apakah-berenang-aman-untuk-lansia-nyeri-sendi-
2026-06-07 02:28:03 | INFO | Fetching URL: https://www.alodokter.com/komunitas/topic/apakah-ada-kondisi-medis-tertentu-yang-menjadi-pantangan-untuk-membedong
2026-06-07 02:28:04 | INFO | Fetching URL: https://www.alodokter.com/10-etika-menjenguk-orang-sakit-agar-tidak-mengganggu-pasien
2026-06-07 02:28:05 | INFO | Fetching URL: https://www.alodokter.com/susu-ibu-menyusui-terbaik-agar-produksi-asi-lancar
2026-06-07 02:28:06 | INFO | Fetching URL: https://www.alodokter.com/komunitas/topic/apakah-varises-bisa-sebabkan-luka-atau-pembekuan-darah-
2026-06-07 02:28:06 | INFO | Fetching URL: https://www.biofarma.co.id/id/announcement/detail/jangan-tunggu-bermasalah-begini-cara-menjaga-kesehatan-telinga
2026-06-07 02:28:06 | INFO | Fetching URL: https://hellosehat.com/kehamilan/melahirkan/persalinan/melahirkan-normal-tanpa-rasa-sakit/
2026-06-07 02:28:08 | INFO | Fetching URL: https://www.alodokter.com/komunitas/topic/apakah-gigi-depan-bolong-bisa-sebabkan-infeksi-
2026-06-07 02:28:08 | INFO | Fetching URL: https://www.alodokter.com/klinik-kecantikan-terbaik-di-jakarta
2026-06-07 02:28:08 | INFO | Fetching URL: https://hellosehat.com/kehamilan/melahirkan/induksi-persalinan-alami/
2026-06-07 02:28:11 | INFO | Fetching URL: https://hellosehat.com/obat-suplemen/merk-vitamin-zinc/
2026-06-07 02:28:12 | INFO | Scraping 64 pending URLs...
2026-06-07 02:28:37 | INFO | Fetching URL: https://www.biofarma.co.id/id/announcement/detail/9-manfaat-kolang-kaling-yang-perlu-kamu-ketahui
2026-06-07 02:28:37 | INFO | Fetching URL: https://www.alodokter.com/pendapat-dokter-indonesia-tentang-multi-type-ceramide-untuk-menjaga-skin-barrier
2026-06-07 02:28:37 | INFO | Fetching URL: https://hellosehat.com/kehamilan/kesuburan/kesuburan-lainnya/tomat-untuk-promil/
2026-06-07 02:28:37 | INFO | Fetching URL: https://hellosehat.com/kehamilan/melahirkan/komplikasi-persalinan/emboli-air-ketuban/
2026-06-07 02:28:37 | INFO | Fetching URL: https://hellosehat.com/parenting/bayi/7-penyebab-bayi-sakit-perut-dan-cara-menanganinya/
2026-06-07 02:28:41 | INFO | Fetching URL: https://www.pom.go.id/siaran-pers/bpom-hentikan-peredaran-online-kosmetik-impor-ilegal-senilai-puluhan-miliar-rupiah
2026-06-07 02:28:41 | INFO | Fetching URL: https://hellosehat.com/parenting/bayi/cara-menenangkan-bayi-agar-rileks-dan-nggak-gampang-rewel/
2026-06-07 02:28:42 | INFO | Fetching URL: https://www.alodokter.com/flu-berat-kenali-gejala-penyebab-dan-penanganannya
2026-06-07 02:28:44 | INFO | Fetching URL: https://hellosehat.com/kehamilan/kesuburan/program-hamil/sayuran-untuk-promil/
2026-06-07 02:28:44 | INFO | Fetching URL: https://hellosehat.com/parenting/bayi/bayi-1-tahun-pertama/kadar-bilirubin-normal-pada-bayi/
2026-06-07 02:28:46 | INFO | Fetching URL: https://www.biofarma.co.id/id/announcement/detail/super-flu-ciriciri-gejala-obat-dan-cara-mencegahnya
2026-06-07 02:28:46 | INFO | Fetching URL: https://www.alodokter.com/berapa-lama-masa-nifas-setelah-operasi-caesar-ini-jawabannya
2026-06-07 02:28:46 | INFO | Fetching URL: https://www.alodokter.com/cetirizine-untuk-ibu-menyusui-apakah-aman
2026-06-07 02:28:48 | INFO | Fetching URL: https://www.alodokter.com/7-tepung-beras-terbaik-untuk-membuat-hidangan-lezat
2026-06-07 02:28:48 | INFO | Fetching URL: https://www.alodokter.com/rumah-sakit-terbaik-untuk-vaksin-hepatitis-b-dewasa
2026-06-07 02:28:49 | INFO | Fetching URL: https://www.alodokter.com/klinik-mata-terbaik-di-surabaya
2026-06-07 02:28:51 | INFO | Fetching URL: https://hellosehat.com/herbal-alternatif/herbal/manfaat-kunyit-hitam/
2026-06-07 02:28:51 | INFO | Fetching URL: https://www.pom.go.id/penjelasan-publik/hasil-pengujian-mi-instan-yang-diduga-mengandung-etilen-oksida-di-taiwan
2026-06-07 02:28:51 | INFO | Fetching URL: https://www.pom.go.id/penjelasan-publik/tindak-lanjut-bpom-terhadap-penarikan-produk-tawon-dan-tawon-liar-oleh-pemerintah-kaledonia-baru
2026-06-07 02:28:53 | INFO | Fetching URL: https://www.biofarma.co.id/id/announcement/detail/cedera-otot-saat-olahraga-gejala-penyebab-dan-cara-mengatasinya
2026-06-07 02:28:53 | INFO | Fetching URL: https://www.pom.go.id/siaran-pers/perkuat-pengawasan-keamanan-obat-bpom-tetapkan-peraturan-bpom-tentang-farmakovigilans
2026-06-07 02:28:54 | INFO | Fetching URL: https://www.alodokter.com/komunitas/topic/apakah-boleh-berhenti-makan-telur-saat-hamil-muda-
2026-06-07 02:28:55 | INFO | Fetching URL: https://hellosehat.com/kehamilan/melahirkan/persalinan/badan-menggigil-setelah-melahirkan/
2026-06-07 02:28:56 | INFO | Fetching URL: https://www.alodokter.com/komunitas/topic/apa-fungsi-pemeriksaan-hba1c-bagi-penderita-diabetes-
2026-06-07 02:28:56 | INFO | Fetching URL: https://hellosehat.com/kehamilan/melahirkan/persalinan/melahirkan-di-rumah-sakit/
2026-06-07 02:28:58 | INFO | Fetching URL: https://hellosehat.com/kehamilan/melahirkan/cara-mengecilkan-perut-setelah-melahirkan/
2026-06-07 02:28:58 | INFO | Fetching URL: https://www.alodokter.com/komunitas/topic/apa-penyebab-kulit-ketiak-merah-dan-gatal-tanpa-penggunaan-produk
2026-06-07 02:28:59 | INFO | Fetching URL: https://www.alodokter.com/kebutuhan-serat-per-hari-dan-cara-memenuhinya
2026-06-07 02:29:00 | INFO | Fetching URL: https://www.biofarma.co.id/id/announcement/detail/cara-mudah-menjaga-kesehatan-gigi-dan-mulut-agar-terhindar-dari-penyakit
2026-06-07 02:29:01 | INFO | Fetching URL: https://www.pom.go.id/siaran-pers/bpom-tindak-11-kosmetik-mengandung-bahan-berbahaya-dan-bahan-dilarang-pada-triwulan-pertama-2026
2026-06-07 02:29:02 | INFO | All URLs have been scraped. Scraping has been completed.
2026-06-07 02:29:02 | INFO | Scraping cumulative results: 364 success, 0 failed
2026-06-07 02:29:02 | INFO | Total tokens: 788347
2026-06-07 02:29:02 | INFO | There is no failed pagination to reset.
2026-06-07 02:29:02 | INFO | There is no failed URL to reset.
2026-06-07 02:29:02 | INFO | Healthy spiders are going to sleep 💪🕷️💤...
